<?xml version="1.0" encoding="UTF-8"?>
<testsuite name="com.bridgelabz.parkingLot.ParkingLotTest" tests="1" skipped="0" failures="0" errors="0" timestamp="2020-07-28T12:46:36" hostname="rageshwari-PC" time="0.002">
  <properties/>
  <testcase name="givenCar_WhenAlreadyUnParked_ShouldReturnFalse" classname="com.bridgelabz.parkingLot.ParkingLotTest" time="0.002"/>
  <system-out><![CDATA[]]></system-out>
  <system-err><![CDATA[]]></system-err>
</testsuite>
