<?xml version="1.0" encoding="UTF-8"?>
<testsuite name="com.bridgelabz.parkingLot.ParkingLotTest" tests="2" skipped="0" failures="0" errors="0" timestamp="2020-07-28T12:11:32" hostname="rageshwari-PC" time="0.004">
  <properties/>
  <testcase name="givenCar_whenParked_shouldReturnTrue" classname="com.bridgelabz.parkingLot.ParkingLotTest" time="0.002"/>
  <testcase name="givenCar_WhenAlreadyParked_shouldReturnFalse" classname="com.bridgelabz.parkingLot.ParkingLotTest" time="0.0"/>
  <system-out><![CDATA[]]></system-out>
  <system-err><![CDATA[]]></system-err>
</testsuite>
