<?xml version="1.0" encoding="UTF-8"?>
<testsuite name="com.bridgelabz.parkingLot.ParkingLotTest" tests="6" skipped="0" failures="0" errors="0" timestamp="2020-07-29T07:44:57" hostname="rageshwari-PC" time="0.005">
  <properties/>
  <testcase name="givenParkingLot_WhenParkingLotIsFull_thenShouldNotifyToAirportSecurity" classname="com.bridgelabz.parkingLot.ParkingLotTest" time="0.001"/>
  <testcase name="givenParkingLot_WhenParkingLotIsFull_thenShouldNotifyToOwner" classname="com.bridgelabz.parkingLot.ParkingLotTest" time="0.0"/>
  <testcase name="givenCar_whenParked_shouldReturnTrue" classname="com.bridgelabz.parkingLot.ParkingLotTest" time="0.0"/>
  <testcase name="givenCar_WhenAlreadyParked_shouldNotBeParked" classname="com.bridgelabz.parkingLot.ParkingLotTest" time="0.0"/>
  <testcase name="givenCar_WhenAlreadyUnParked_ShouldReturnFalse" classname="com.bridgelabz.parkingLot.ParkingLotTest" time="0.001"/>
  <testcase name="givenCar_WhenUnParked_ShouldReturnTrue" classname="com.bridgelabz.parkingLot.ParkingLotTest" time="0.001"/>
  <system-out><![CDATA[]]></system-out>
  <system-err><![CDATA[]]></system-err>
</testsuite>
